Change Component Description : Designator=Q7 Old Description=RoHS Compliant New Description=RoHS Compliant | Low RDS(on) | Industry-leading quality | Dynamic dv/dt Rating | Fast Switching | Fully Avalanche Rated | 175C Operating Temperature
Change Component Description : Designator=VR2 Old Description=TRIMMER - 3/8 pol. SQ MT CERMET New Description=TRIMMER - 3/8 pol. SQ MT CERMET | Bourn 3296W-1-473
Change component parameters: Designator = "D8"; Footprint = "LED_7012X1"; UniqueID = "\XPABHGSW"
Change component parameters. Clean all parameters for all variants
Change component parameters (AddParameter): Name = "Availability"; Value = "In Stock"; VariantName = "[No Variations]"
Change component parameters (AddParameter): Name = "Check_prices"; Value = "https://www.snapeda.com/parts/7012X1/Visual+Communications/view-part/?ref=eda"; VariantName = "[No Variations]"
Change component parameters (AddParameter): Name = "LCSC"; Value = "C142306"; VariantName = "[No Variations]"
Change component parameters (AddParameter): Name = "MF"; Value = "VCC"; VariantName = "[No Variations]"
Change component parameters (AddParameter): Name = "MP"; Value = "7012X1"; VariantName = "[No Variations]"
Change component parameters (AddParameter): Name = "Package"; Value = "0805 Visual Communications"; VariantName = "[No Variations]"
Change component parameters (AddParameter): Name = "Price"; Value = "None"; VariantName = "[No Variations]"
Change component parameters (AddParameter): Name = "Purchase-URL"; Value = "https://pricing.snapeda.com/search/part/7012X1/?ref=eda"; VariantName = "[No Variations]"
Change component parameters (AddParameter): Name = "SnapEDA_Link"; Value = "https://www.snapeda.com/parts/7012X1/Visual+Communications/view-part/?ref=snap"; VariantName = "[No Variations]"
Change component parameters (AddParameter): Name = "Value"; Value = ""; VariantName = "[No Variations]"
Change component parameters: Designator = "J7"; Footprint = "JST_B2B-XH-A(LF)(SN)"; UniqueID = "\NRWWEVIN"
Change component parameters. Clean all parameters for all variants
Change component parameters (AddParameter): Name = "Check_prices"; Value = "https://www.snapeda.com/parts/B2B-XH-A(LF)(SN)/JST+Sales+America+Inc./view-part/?ref=eda"; VariantName = "[No Variations]"
Change component parameters (AddParameter): Name = "LCSC"; Value = "C158012"; VariantName = "[No Variations]"
Change component parameters (AddParameter): Name = "MF"; Value = "JST Sales America Inc."; VariantName = "[No Variations]"
Change component parameters (AddParameter): Name = "MP"; Value = "B2B-XH-A(LF)(SN)"; VariantName = "[No Variations]"
Change component parameters (AddParameter): Name = "Package"; Value = "None"; VariantName = "[No Variations]"
Change component parameters (AddParameter): Name = "SnapEDA_Link"; Value = "https://www.snapeda.com/parts/B2B-XH-A(LF)(SN)/JST+Sales+America+Inc./view-part/?ref=snap"; VariantName = "[No Variations]"
Change component parameters (AddParameter): Name = "Value"; Value = ""; VariantName = "[No Variations]"
Change component parameters: Designator = "Q7"; Footprint = "DPAK254P1524X483-3N"; UniqueID = "\WYVJQVZW"
Change component parameters. Clean all parameters for all variants
Change component parameters (AddParameter): Name = "Availability"; Value = "In Stock"; VariantName = "[No Variations]"
Change component parameters (AddParameter): Name = "Check_prices"; Value = "https://www.snapeda.com/parts/IRFZ44NSTRRPBF/Infineon+Technologies/view-part/?ref=eda"; VariantName = "[No Variations]"
Change component parameters (AddParameter): Name = "LCSC"; Value = "C5199867"; VariantName = "[No Variations]"
Change component parameters (AddParameter): Name = "MF"; Value = "Infineon Technologies"; VariantName = "[No Variations]"
Change component parameters (AddParameter): Name = "MP"; Value = "IRFZ44NSTRRPBF"; VariantName = "[No Variations]"
Change component parameters (AddParameter): Name = "Package"; Value = "D2PAK Infineon"; VariantName = "[No Variations]"
Change component parameters (AddParameter): Name = "Price"; Value = "None"; VariantName = "[No Variations]"
Change component parameters (AddParameter): Name = "Purchase-URL"; Value = "https://pricing.snapeda.com/search/part/IRFZ44NSTRRPBF/?ref=eda"; VariantName = "[No Variations]"
Change component parameters (AddParameter): Name = "SnapEDA_Link"; Value = "https://www.snapeda.com/parts/IRFZ44NSTRRPBF/Infineon+Technologies/view-part/?ref=snap"; VariantName = "[No Variations]"
Change component parameters (AddParameter): Name = "Value"; Value = ""; VariantName = "[No Variations]"
Added Room: Name=SCH
